Compiling the C compiler identification source file "CMakeCCompilerId.c" failed.
Compiler: /Users/xiaoyu/work/wasm.cdt/build/bin/wasm-cc 
Build flags: ;-O3;
Id flags:  

The output was:
255
/Users/xiaoyu/work/wasm.cdt/build/bin/wasm-ld: error: cannot open /var/folders/ps/ycy52w1s09v6qbr22jm0r8s80000gp/T//CMakeCCompilerId.c.o: No such file or directory


Compiling the CXX compiler identification source file "CMakeCXXCompilerId.cpp" failed.
Compiler: /Users/xiaoyu/work/wasm.cdt/build/bin/wasm-cpp 
Build flags: ;-O3;
Id flags:  

The output was:
255
/Users/xiaoyu/work/wasm.cdt/build/bin/wasm-ld: error: duplicate symbol: main(int, char**)
>>> defined in /var/folders/ps/ycy52w1s09v6qbr22jm0r8s80000gp/T//CMakeCXXCompilerId.cpp.o
>>> defined in /var/folders/ps/ycy52w1s09v6qbr22jm0r8s80000gp/T//CMakeCXXCompilerId.cpp.o

/Users/xiaoyu/work/wasm.cdt/build/bin/wasm-ld: error: duplicate symbol: info_platform
>>> defined in /var/folders/ps/ycy52w1s09v6qbr22jm0r8s80000gp/T//CMakeCXXCompilerId.cpp.o
>>> defined in /var/folders/ps/ycy52w1s09v6qbr22jm0r8s80000gp/T//CMakeCXXCompilerId.cpp.o

/Users/xiaoyu/work/wasm.cdt/build/bin/wasm-ld: error: duplicate symbol: info_compiler
>>> defined in /var/folders/ps/ycy52w1s09v6qbr22jm0r8s80000gp/T//CMakeCXXCompilerId.cpp.o
>>> defined in /var/folders/ps/ycy52w1s09v6qbr22jm0r8s80000gp/T//CMakeCXXCompilerId.cpp.o

/Users/xiaoyu/work/wasm.cdt/build/bin/wasm-ld: error: duplicate symbol: info_language_dialect_default
>>> defined in /var/folders/ps/ycy52w1s09v6qbr22jm0r8s80000gp/T//CMakeCXXCompilerId.cpp.o
>>> defined in /var/folders/ps/ycy52w1s09v6qbr22jm0r8s80000gp/T//CMakeCXXCompilerId.cpp.o

/Users/xiaoyu/work/wasm.cdt/build/bin/wasm-ld: error: duplicate symbol: info_arch
>>> defined in /var/folders/ps/ycy52w1s09v6qbr22jm0r8s80000gp/T//CMakeCXXCompilerId.cpp.o
>>> defined in /var/folders/ps/ycy52w1s09v6qbr22jm0r8s80000gp/T//CMakeCXXCompilerId.cpp.o


Detecting C compiler ABI info failed to compile with the following output:
Change Dir: /Users/xiaoyu/work/wasm.cdt/examples/prints/build/prints/CMakeFiles/CMakeTmp

Run Build Command(s):/usr/bin/make cmTC_aba03/fast && /Applications/Xcode.app/Contents/Developer/usr/bin/make -f CMakeFiles/cmTC_aba03.dir/build.make CMakeFiles/cmTC_aba03.dir/build
Building C object CMakeFiles/cmTC_aba03.dir/CMakeCCompilerABI.c.obj
/Users/xiaoyu/work/wasm.cdt/build/bin/wasm-cc   -O3     -v -o CMakeFiles/cmTC_aba03.dir/CMakeCCompilerABI.c.obj   -c /usr/local/Cellar/cmake/3.15.4/share/cmake/Modules/CMakeCCompilerABI.c
clang version 7.0.0 
Target: x86_64-apple-darwin18.5.0
Thread model: posix
InstalledDir: /Users/xiaoyu/work/wasm.cdt/build/bin
Linking C executable cmTC_aba03.wasm
/usr/local/Cellar/cmake/3.15.4/bin/cmake -E cmake_link_script CMakeFiles/cmTC_aba03.dir/link.txt --verbose=1
/Users/xiaoyu/work/wasm.cdt/build/bin/wasm-lld  -v CMakeFiles/cmTC_aba03.dir/CMakeCCompilerABI.c.obj -o cmTC_aba03.wasm 
wasm-lld: Unknown command line argument '-v'.  Try: '/Users/xiaoyu/work/wasm.cdt/build/bin/wasm-lld -help'
wasm-lld: Did you mean '-L'?
make[4]: *** [cmTC_aba03.wasm] Error 1
make[3]: *** [cmTC_aba03/fast] Error 2




Detecting CXX compiler ABI info failed to compile with the following output:
Change Dir: /Users/xiaoyu/work/wasm.cdt/examples/prints/build/prints/CMakeFiles/CMakeTmp

Run Build Command(s):/usr/bin/make cmTC_2f9b1/fast && /Applications/Xcode.app/Contents/Developer/usr/bin/make -f CMakeFiles/cmTC_2f9b1.dir/build.make CMakeFiles/cmTC_2f9b1.dir/build
Building CXX object CMakeFiles/cmTC_2f9b1.dir/CMakeCXXCompilerABI.cpp.obj
/Users/xiaoyu/work/wasm.cdt/build/bin/wasm-cpp    -O3     -v -o CMakeFiles/cmTC_2f9b1.dir/CMakeCXXCompilerABI.cpp.obj -c /usr/local/Cellar/cmake/3.15.4/share/cmake/Modules/CMakeCXXCompilerABI.cpp
clang version 7.0.0 
Target: x86_64-apple-darwin18.5.0
Thread model: posix
InstalledDir: /Users/xiaoyu/work/wasm.cdt/build/bin
Linking CXX executable cmTC_2f9b1.wasm
/usr/local/Cellar/cmake/3.15.4/bin/cmake -E cmake_link_script CMakeFiles/cmTC_2f9b1.dir/link.txt --verbose=1
/Users/xiaoyu/work/wasm.cdt/build/bin/wasm-lld  -v CMakeFiles/cmTC_2f9b1.dir/CMakeCXXCompilerABI.cpp.obj -o cmTC_2f9b1.wasm 
wasm-lld: Unknown command line argument '-v'.  Try: '/Users/xiaoyu/work/wasm.cdt/build/bin/wasm-lld -help'
wasm-lld: Did you mean '-L'?
make[4]: *** [cmTC_2f9b1.wasm] Error 1
make[3]: *** [cmTC_2f9b1/fast] Error 2




